---------------------------------------------------------------

[2021-08-14T03:04:40+08:00] 42.157.129.46 GET web.lingzweb.cn/
[运行时间：0.047861s] [吞吐率：20.89req/s] [内存消耗：4,462.55kb] [文件加载：121]
[ info ] [ LANG ] /www/wwwroot/lingzweb/thinkphp/lang/zh-cn.php
[ info ] [ ROUTE ] array (
  'rule' => '',
  'route' => 'cms/index/index',
  'option' => 
  array (
    'merge_rule_regex' => false,
    'complete_match' => true,
  ),
  'var' => 
  array (
  ),
)
[ info ] [ HEADER ] array (
  'connection' => 'keep-alive',
  'accept' => '*/*',
  'accept-encoding' => 'gzip, deflate',
  'user-agent' => 'Mozilla/5.0 (Windows NT 10.0; Win64; x64) AppleWebKit/537.36 (KHTML, like Gecko) Chrome/87.0.4280.88 Safari/537.36',
  'host' => 'web.lingzweb.cn',
  'content-type' => '',
  'content-length' => '',
)
[ info ] [ PARAM ] array (
)
[ info ] [ VIEW ] /www/wwwroot/lingzweb/public/../templates/default/cms/index.html [ array (
  0 => 'site',
  1 => 'userinfo',
  2 => 'Member_group',
  3 => 'Member_config',
  4 => 'cms_config',
  5 => 'siteurl',
  6 => 'SEO',
  7 => 'page',
) ]
[ info ] [ DB ] INIT mysql
[ info ] [ DB ] INIT mysql
[ info ] [ DB ] INIT mysql
[ sql ] [ DB ] CONNECT:[ UseTime:0.000368s ] mysql:host=127.0.0.1;dbname=lingzweb;charset=utf8
[ sql ] [ SQL ] SHOW COLUMNS FROM `yzn_category` [ RunTime:0.000789s ]
[ sql ] [ SQL ] SELECT * FROM `yzn_category` WHERE  ( `status`=1 AND `parentid` = 0 ) ORDER BY `listorder` DESC LIMIT 10 [ RunTime:0.000295s ]
[ sql ] [ SQL ] SELECT * FROM `yzn_category` WHERE  ( `status`=1 AND `parentid` = 1 ) ORDER BY `listorder` DESC LIMIT 10 [ RunTime:0.000238s ]
[ sql ] [ SQL ] SELECT * FROM `yzn_category` WHERE  ( `status`=1 AND `parentid` = 6 ) ORDER BY `listorder` DESC LIMIT 10 [ RunTime:0.000230s ]
[ sql ] [ SQL ] SELECT * FROM `yzn_category` WHERE  ( `status`=1 AND `parentid` = 8 ) ORDER BY `listorder` DESC LIMIT 10 [ RunTime:0.000205s ]
[ sql ] [ DB ] CONNECT:[ UseTime:0.000262s ] mysql:host=127.0.0.1;dbname=lingzweb;charset=utf8
[ sql ] [ SQL ] SELECT * FROM `yzn_category` WHERE  `id` = 5 LIMIT 1 [ RunTime:0.000253s ]
[ sql ] [ SQL ] SHOW COLUMNS FROM `yzn_model` [ RunTime:0.000628s ]
[ sql ] [ SQL ] SELECT * FROM `yzn_model` WHERE  `id` = 3 LIMIT 1 [ RunTime:0.000209s ]
[ sql ] [ SQL ] SHOW COLUMNS FROM `yzn_product` [ RunTime:0.000608s ]
[ sql ] [ SQL ] SELECT * FROM `yzn_product` WHERE  ( `status`=1 AND (FIND_IN_SET('4', flag)) AND `catid` = 5 ) ORDER BY `listorder` DESC LIMIT 10 [ RunTime:0.000238s ]
[ sql ] [ DB ] CONNECT:[ UseTime:0.000238s ] mysql:host=127.0.0.1;dbname=lingzweb;charset=utf8
[ sql ] [ SQL ] SELECT * FROM `yzn_category` WHERE  `id` = 6 LIMIT 1 [ RunTime:0.000236s ]
[ sql ] [ SQL ] SELECT * FROM `yzn_model` WHERE  `id` = 1 LIMIT 1 [ RunTime:0.000216s ]
[ sql ] [ SQL ] SHOW COLUMNS FROM `yzn_article` [ RunTime:0.000616s ]
[ sql ] [ SQL ] SELECT * FROM `yzn_article` WHERE  ( `status`=1 AND `catid` in(9,10,14,6) ) ORDER BY `listorder` DESC LIMIT 3 [ RunTime:0.000208s ]
[ sql ] [ SQL ] SELECT * FROM `yzn_category` WHERE  ( id in(1,6,8) ) ORDER BY `listorder` DESC LIMIT 4 [ RunTime:0.000210s ]
