---------------------------------------------------------------

[2021-08-16T00:21:50+08:00] 106.226.126.106 GET web.lingzweb.cn/
[运行时间：0.754384s] [吞吐率：1.33req/s] [内存消耗：4,463.73kb] [文件加载：121]
[ info ] [ LANG ] /www/wwwroot/lingzweb/thinkphp/lang/zh-cn.php
[ info ] [ ROUTE ] array (
  'rule' => '',
  'route' => 'cms/index/index',
  'option' => 
  array (
    'merge_rule_regex' => false,
    'complete_match' => true,
  ),
  'var' => 
  array (
  ),
)
[ info ] [ HEADER ] array (
  'accept-language' => 'zh-CN,zh;q=0.9',
  'accept-encoding' => 'gzip, deflate',
  'referer' => 'http://47.103.36.151:8888/site',
  'accept' => 'text/html,application/xhtml+xml,application/xml;q=0.9,image/avif,image/webp,image/apng,*/*;q=0.8,application/signed-exchange;v=b3;q=0.9',
  'user-agent' => 'Mozilla/5.0 (Windows NT 10.0; WOW64) AppleWebKit/537.36 (KHTML, like Gecko) Chrome/86.0.4240.198 Safari/537.36',
  'upgrade-insecure-requests' => '1',
  'connection' => 'keep-alive',
  'host' => 'web.lingzweb.cn',
  'content-type' => '',
  'content-length' => '',
)
[ info ] [ PARAM ] array (
)
[ info ] [ VIEW ] /www/wwwroot/lingzweb/public/../templates/default/cms/index.html [ array (
  0 => 'site',
  1 => 'userinfo',
  2 => 'Member_group',
  3 => 'Member_config',
  4 => 'cms_config',
  5 => 'siteurl',
  6 => 'SEO',
  7 => 'page',
) ]
[ info ] [ DB ] INIT mysql
[ info ] [ DB ] INIT mysql
[ info ] [ DB ] INIT mysql
[ sql ] [ DB ] CONNECT:[ UseTime:0.018977s ] mysql:host=127.0.0.1;dbname=lingzweb;charset=utf8
[ sql ] [ SQL ] SHOW COLUMNS FROM `yzn_category` [ RunTime:0.000851s ]
[ sql ] [ SQL ] SELECT * FROM `yzn_category` WHERE  ( `status`=1 AND `parentid` = 0 ) ORDER BY `listorder` DESC LIMIT 10 [ RunTime:0.000313s ]
[ sql ] [ SQL ] SELECT * FROM `yzn_category` WHERE  ( `status`=1 AND `parentid` = 1 ) ORDER BY `listorder` DESC LIMIT 10 [ RunTime:0.000265s ]
[ sql ] [ SQL ] SELECT * FROM `yzn_category` WHERE  ( `status`=1 AND `parentid` = 6 ) ORDER BY `listorder` DESC LIMIT 10 [ RunTime:0.000239s ]
[ sql ] [ SQL ] SELECT * FROM `yzn_category` WHERE  ( `status`=1 AND `parentid` = 8 ) ORDER BY `listorder` DESC LIMIT 10 [ RunTime:0.000237s ]
[ sql ] [ DB ] CONNECT:[ UseTime:0.000282s ] mysql:host=127.0.0.1;dbname=lingzweb;charset=utf8
[ sql ] [ SQL ] SELECT * FROM `yzn_category` WHERE  `id` = 5 LIMIT 1 [ RunTime:0.000239s ]
[ sql ] [ SQL ] SHOW COLUMNS FROM `yzn_model` [ RunTime:0.000744s ]
[ sql ] [ SQL ] SELECT * FROM `yzn_model` WHERE  `id` = 3 LIMIT 1 [ RunTime:0.000222s ]
[ sql ] [ SQL ] SHOW COLUMNS FROM `yzn_product` [ RunTime:0.000625s ]
[ sql ] [ SQL ] SELECT * FROM `yzn_product` WHERE  ( `status`=1 AND (FIND_IN_SET('4', flag)) AND `catid` = 5 ) ORDER BY `listorder` DESC LIMIT 10 [ RunTime:0.000250s ]
[ sql ] [ DB ] CONNECT:[ UseTime:0.000297s ] mysql:host=127.0.0.1;dbname=lingzweb;charset=utf8
[ sql ] [ SQL ] SELECT * FROM `yzn_category` WHERE  `id` = 6 LIMIT 1 [ RunTime:0.000241s ]
[ sql ] [ SQL ] SELECT * FROM `yzn_model` WHERE  `id` = 1 LIMIT 1 [ RunTime:0.000233s ]
[ sql ] [ SQL ] SHOW COLUMNS FROM `yzn_article` [ RunTime:0.000620s ]
[ sql ] [ SQL ] SELECT * FROM `yzn_article` WHERE  ( `status`=1 AND `catid` in(9,10,14,6) ) ORDER BY `listorder` DESC LIMIT 3 [ RunTime:0.000222s ]
[ sql ] [ SQL ] SELECT * FROM `yzn_category` WHERE  ( id in(1,6,8) ) ORDER BY `listorder` DESC LIMIT 4 [ RunTime:0.000227s ]
